<?xml version="1.0" encoding="UTF-8"?>
<testsuite xmlns:xsi="http://www.w3.org/2001/XMLSchema-instance" xsi:noNamespaceSchemaLocation="https://maven.apache.org/surefire/maven-surefire-plugin/xsd/surefire-test-report.xsd" name="com.ftn.isa.projekat.rentACar.rentACarCore.service.BranchOfficeServiceTest" time="128.03" tests="1" errors="1" skipped="0" failures="0">
  <properties>
    <property name="sun.desktop" value="windows"/>
    <property name="awt.toolkit" value="sun.awt.windows.WToolkit"/>
    <property name="file.encoding.pkg" value="sun.io"/>
    <property name="java.specification.version" value="1.8"/>
    <property name="sun.cpu.isalist" value="amd64"/>
    <property name="sun.jnu.encoding" value="Cp1250"/>
    <property name="java.class.path" value="C:\Users\sale\Documents\workspace-sts-3.9.5.RELEASE\rentACarMicroservice\rentACarCore\target\test-classes;C:\Users\sale\Documents\workspace-sts-3.9.5.RELEASE\rentACarMicroservice\rentACarCore\target\classes;C:\Users\sale\.m2\repository\org\springframework\boot\spring-boot-starter-data-jpa\2.1.0.RELEASE\spring-boot-starter-data-jpa-2.1.0.RELEASE.jar;C:\Users\sale\.m2\repository\org\springframework\boot\spring-boot-starter-aop\2.1.0.RELEASE\spring-boot-starter-aop-2.1.0.RELEASE.jar;C:\Users\sale\.m2\repository\org\springframework\spring-aop\5.1.2.RELEASE\spring-aop-5.1.2.RELEASE.jar;C:\Users\sale\.m2\repository\org\aspectj\aspectjweaver\1.9.2\aspectjweaver-1.9.2.jar;C:\Users\sale\.m2\repository\org\springframework\boot\spring-boot-starter-jdbc\2.1.0.RELEASE\spring-boot-starter-jdbc-2.1.0.RELEASE.jar;C:\Users\sale\.m2\repository\com\zaxxer\HikariCP\3.2.0\HikariCP-3.2.0.jar;C:\Users\sale\.m2\repository\org\springframework\spring-jdbc\5.1.2.RELEASE\spring-jdbc-5.1.2.RELEASE.jar;C:\Users\sale\.m2\repository\javax\transaction\javax.transaction-api\1.3\javax.transaction-api-1.3.jar;C:\Users\sale\.m2\repository\javax\xml\bind\jaxb-api\2.3.1\jaxb-api-2.3.1.jar;C:\Users\sale\.m2\repository\javax\activation\javax.activation-api\1.2.0\javax.activation-api-1.2.0.jar;C:\Users\sale\.m2\repository\org\hibernate\hibernate-core\5.3.7.Final\hibernate-core-5.3.7.Final.jar;C:\Users\sale\.m2\repository\org\jboss\logging\jboss-logging\3.3.2.Final\jboss-logging-3.3.2.Final.jar;C:\Users\sale\.m2\repository\javax\persistence\javax.persistence-api\2.2\javax.persistence-api-2.2.jar;C:\Users\sale\.m2\repository\org\javassist\javassist\3.23.1-GA\javassist-3.23.1-GA.jar;C:\Users\sale\.m2\repository\antlr\antlr\2.7.7\antlr-2.7.7.jar;C:\Users\sale\.m2\repository\org\jboss\jandex\2.0.5.Final\jandex-2.0.5.Final.jar;C:\Users\sale\.m2\repository\com\fasterxml\classmate\1.4.0\classmate-1.4.0.jar;C:\Users\sale\.m2\repository\org\dom4j\dom4j\2.1.1\dom4j-2.1.1.jar;C:\Users\sale\.m2\repository\org\hibernate\common\hibernate-commons-annotations\5.0.4.Final\hibernate-commons-annotations-5.0.4.Final.jar;C:\Users\sale\.m2\repository\org\springframework\data\spring-data-jpa\2.1.2.RELEASE\spring-data-jpa-2.1.2.RELEASE.jar;C:\Users\sale\.m2\repository\org\springframework\data\spring-data-commons\2.1.2.RELEASE\spring-data-commons-2.1.2.RELEASE.jar;C:\Users\sale\.m2\repository\org\springframework\spring-orm\5.1.2.RELEASE\spring-orm-5.1.2.RELEASE.jar;C:\Users\sale\.m2\repository\org\springframework\spring-context\5.1.2.RELEASE\spring-context-5.1.2.RELEASE.jar;C:\Users\sale\.m2\repository\org\springframework\spring-tx\5.1.2.RELEASE\spring-tx-5.1.2.RELEASE.jar;C:\Users\sale\.m2\repository\org\springframework\spring-beans\5.1.2.RELEASE\spring-beans-5.1.2.RELEASE.jar;C:\Users\sale\.m2\repository\org\slf4j\slf4j-api\1.7.25\slf4j-api-1.7.25.jar;C:\Users\sale\.m2\repository\org\springframework\spring-aspects\5.1.2.RELEASE\spring-aspects-5.1.2.RELEASE.jar;C:\Users\sale\.m2\repository\org\springframework\boot\spring-boot-starter-web\2.1.0.RELEASE\spring-boot-starter-web-2.1.0.RELEASE.jar;C:\Users\sale\.m2\repository\org\springframework\boot\spring-boot-starter\2.1.0.RELEASE\spring-boot-starter-2.1.0.RELEASE.jar;C:\Users\sale\.m2\repository\org\springframework\boot\spring-boot\2.1.0.RELEASE\spring-boot-2.1.0.RELEASE.jar;C:\Users\sale\.m2\repository\org\springframework\boot\spring-boot-autoconfigure\2.1.0.RELEASE\spring-boot-autoconfigure-2.1.0.RELEASE.jar;C:\Users\sale\.m2\repository\org\springframework\boot\spring-boot-starter-logging\2.1.0.RELEASE\spring-boot-starter-logging-2.1.0.RELEASE.jar;C:\Users\sale\.m2\repository\ch\qos\logback\logback-classic\1.2.3\logback-classic-1.2.3.jar;C:\Users\sale\.m2\repository\ch\qos\logback\logback-core\1.2.3\logback-core-1.2.3.jar;C:\Users\sale\.m2\repository\org\apache\logging\log4j\log4j-to-slf4j\2.11.1\log4j-to-slf4j-2.11.1.jar;C:\Users\sale\.m2\repository\org\apache\logging\log4j\log4j-api\2.11.1\log4j-api-2.11.1.jar;C:\Users\sale\.m2\repository\org\slf4j\jul-to-slf4j\1.7.25\jul-to-slf4j-1.7.25.jar;C:\Users\sale\.m2\repository\javax\annotation\javax.annotation-api\1.3.2\javax.annotation-api-1.3.2.jar;C:\Users\sale\.m2\repository\org\yaml\snakeyaml\1.23\snakeyaml-1.23.jar;C:\Users\sale\.m2\repository\org\springframework\boot\spring-boot-starter-json\2.1.0.RELEASE\spring-boot-starter-json-2.1.0.RELEASE.jar;C:\Users\sale\.m2\repository\com\fasterxml\jackson\core\jackson-databind\2.9.7\jackson-databind-2.9.7.jar;C:\Users\sale\.m2\repository\com\fasterxml\jackson\core\jackson-annotations\2.9.0\jackson-annotations-2.9.0.jar;C:\Users\sale\.m2\repository\com\fasterxml\jackson\core\jackson-core\2.9.7\jackson-core-2.9.7.jar;C:\Users\sale\.m2\repository\com\fasterxml\jackson\datatype\jackson-datatype-jdk8\2.9.7\jackson-datatype-jdk8-2.9.7.jar;C:\Users\sale\.m2\repository\com\fasterxml\jackson\datatype\jackson-datatype-jsr310\2.9.7\jackson-datatype-jsr310-2.9.7.jar;C:\Users\sale\.m2\repository\com\fasterxml\jackson\module\jackson-module-parameter-names\2.9.7\jackson-module-parameter-names-2.9.7.jar;C:\Users\sale\.m2\repository\org\springframework\boot\spring-boot-starter-tomcat\2.1.0.RELEASE\spring-boot-starter-tomcat-2.1.0.RELEASE.jar;C:\Users\sale\.m2\repository\org\apache\tomcat\embed\tomcat-embed-core\9.0.12\tomcat-embed-core-9.0.12.jar;C:\Users\sale\.m2\repository\org\apache\tomcat\embed\tomcat-embed-el\9.0.12\tomcat-embed-el-9.0.12.jar;C:\Users\sale\.m2\repository\org\apache\tomcat\embed\tomcat-embed-websocket\9.0.12\tomcat-embed-websocket-9.0.12.jar;C:\Users\sale\.m2\repository\org\hibernate\validator\hibernate-validator\6.0.13.Final\hibernate-validator-6.0.13.Final.jar;C:\Users\sale\.m2\repository\javax\validation\validation-api\2.0.1.Final\validation-api-2.0.1.Final.jar;C:\Users\sale\.m2\repository\org\springframework\spring-web\5.1.2.RELEASE\spring-web-5.1.2.RELEASE.jar;C:\Users\sale\.m2\repository\org\springframework\spring-webmvc\5.1.2.RELEASE\spring-webmvc-5.1.2.RELEASE.jar;C:\Users\sale\.m2\repository\org\springframework\spring-expression\5.1.2.RELEASE\spring-expression-5.1.2.RELEASE.jar;C:\Users\sale\.m2\repository\mysql\mysql-connector-java\8.0.13\mysql-connector-java-8.0.13.jar;C:\Users\sale\.m2\repository\org\projectlombok\lombok\1.18.2\lombok-1.18.2.jar;C:\Users\sale\.m2\repository\org\springframework\boot\spring-boot-starter-test\2.1.0.RELEASE\spring-boot-starter-test-2.1.0.RELEASE.jar;C:\Users\sale\.m2\repository\org\springframework\boot\spring-boot-test\2.1.0.RELEASE\spring-boot-test-2.1.0.RELEASE.jar;C:\Users\sale\.m2\repository\org\springframework\boot\spring-boot-test-autoconfigure\2.1.0.RELEASE\spring-boot-test-autoconfigure-2.1.0.RELEASE.jar;C:\Users\sale\.m2\repository\com\jayway\jsonpath\json-path\2.4.0\json-path-2.4.0.jar;C:\Users\sale\.m2\repository\net\minidev\json-smart\2.3\json-smart-2.3.jar;C:\Users\sale\.m2\repository\net\minidev\accessors-smart\1.2\accessors-smart-1.2.jar;C:\Users\sale\.m2\repository\org\ow2\asm\asm\5.0.4\asm-5.0.4.jar;C:\Users\sale\.m2\repository\junit\junit\4.12\junit-4.12.jar;C:\Users\sale\.m2\repository\org\assertj\assertj-core\3.11.1\assertj-core-3.11.1.jar;C:\Users\sale\.m2\repository\org\hamcrest\hamcrest-core\1.3\hamcrest-core-1.3.jar;C:\Users\sale\.m2\repository\org\hamcrest\hamcrest-library\1.3\hamcrest-library-1.3.jar;C:\Users\sale\.m2\repository\org\skyscreamer\jsonassert\1.5.0\jsonassert-1.5.0.jar;C:\Users\sale\.m2\repository\com\vaadin\external\google\android-json\0.0.20131108.vaadin1\android-json-0.0.20131108.vaadin1.jar;C:\Users\sale\.m2\repository\org\springframework\spring-core\5.1.2.RELEASE\spring-core-5.1.2.RELEASE.jar;C:\Users\sale\.m2\repository\org\springframework\spring-jcl\5.1.2.RELEASE\spring-jcl-5.1.2.RELEASE.jar;C:\Users\sale\.m2\repository\org\springframework\spring-test\5.1.2.RELEASE\spring-test-5.1.2.RELEASE.jar;C:\Users\sale\.m2\repository\org\xmlunit\xmlunit-core\2.6.2\xmlunit-core-2.6.2.jar;C:\Users\sale\Documents\workspace-sts-3.9.5.RELEASE\rentACarMicroservice\rentACarApi\target\rentACarApi-0.0.1-SNAPSHOT.jar;C:\Users\sale\.m2\repository\org\springframework\cloud\spring-cloud-starter-openfeign\2.0.0.RELEASE\spring-cloud-starter-openfeign-2.0.0.RELEASE.jar;C:\Users\sale\.m2\repository\org\springframework\cloud\spring-cloud-starter\2.0.0.RELEASE\spring-cloud-starter-2.0.0.RELEASE.jar;C:\Users\sale\.m2\repository\org\springframework\cloud\spring-cloud-context\2.0.0.RELEASE\spring-cloud-context-2.0.0.RELEASE.jar;C:\Users\sale\.m2\repository\org\springframework\security\spring-security-rsa\1.0.5.RELEASE\spring-security-rsa-1.0.5.RELEASE.jar;C:\Users\sale\.m2\repository\org\bouncycastle\bcpkix-jdk15on\1.56\bcpkix-jdk15on-1.56.jar;C:\Users\sale\.m2\repository\org\bouncycastle\bcprov-jdk15on\1.56\bcprov-jdk15on-1.56.jar;C:\Users\sale\.m2\repository\org\springframework\cloud\spring-cloud-openfeign-core\2.0.0.RELEASE\spring-cloud-openfeign-core-2.0.0.RELEASE.jar;C:\Users\sale\.m2\repository\org\springframework\cloud\spring-cloud-netflix-ribbon\2.0.0.RELEASE\spring-cloud-netflix-ribbon-2.0.0.RELEASE.jar;C:\Users\sale\.m2\repository\org\springframework\cloud\spring-cloud-commons\2.0.0.RELEASE\spring-cloud-commons-2.0.0.RELEASE.jar;C:\Users\sale\.m2\repository\org\springframework\security\spring-security-crypto\5.1.1.RELEASE\spring-security-crypto-5.1.1.RELEASE.jar;C:\Users\sale\.m2\repository\io\github\openfeign\feign-core\9.5.1\feign-core-9.5.1.jar;C:\Users\sale\.m2\repository\io\github\openfeign\feign-slf4j\9.5.1\feign-slf4j-9.5.1.jar;C:\Users\sale\.m2\repository\io\github\openfeign\feign-hystrix\9.5.1\feign-hystrix-9.5.1.jar;C:\Users\sale\.m2\repository\com\netflix\archaius\archaius-core\0.6.6\archaius-core-0.6.6.jar;C:\Users\sale\.m2\repository\com\google\code\findbugs\annotations\2.0.0\annotations-2.0.0.jar;C:\Users\sale\.m2\repository\com\google\guava\guava\11.0.2\guava-11.0.2.jar;C:\Users\sale\.m2\repository\com\google\code\findbugs\jsr305\1.3.9\jsr305-1.3.9.jar;C:\Users\sale\.m2\repository\com\netflix\hystrix\hystrix-core\1.4.26\hystrix-core-1.4.26.jar;C:\Users\sale\.m2\repository\io\github\openfeign\feign-java8\9.5.1\feign-java8-9.5.1.jar;C:\Users\sale\.m2\repository\org\springframework\cloud\spring-cloud-starter-netflix-ribbon\2.0.0.RELEASE\spring-cloud-starter-netflix-ribbon-2.0.0.RELEASE.jar;C:\Users\sale\.m2\repository\com\netflix\ribbon\ribbon\2.2.5\ribbon-2.2.5.jar;C:\Users\sale\.m2\repository\com\netflix\ribbon\ribbon-transport\2.2.5\ribbon-transport-2.2.5.jar;C:\Users\sale\.m2\repository\io\reactivex\rxnetty-contexts\0.4.9\rxnetty-contexts-0.4.9.jar;C:\Users\sale\.m2\repository\io\reactivex\rxnetty-servo\0.4.9\rxnetty-servo-0.4.9.jar;C:\Users\sale\.m2\repository\javax\inject\javax.inject\1\javax.inject-1.jar;C:\Users\sale\.m2\repository\io\reactivex\rxnetty\0.4.9\rxnetty-0.4.9.jar;C:\Users\sale\.m2\repository\io\netty\netty-codec-http\4.1.29.Final\netty-codec-http-4.1.29.Final.jar;C:\Users\sale\.m2\repository\io\netty\netty-codec\4.1.29.Final\netty-codec-4.1.29.Final.jar;C:\Users\sale\.m2\repository\io\netty\netty-transport-native-epoll\4.1.29.Final\netty-transport-native-epoll-4.1.29.Final.jar;C:\Users\sale\.m2\repository\io\netty\netty-common\4.1.29.Final\netty-common-4.1.29.Final.jar;C:\Users\sale\.m2\repository\io\netty\netty-buffer\4.1.29.Final\netty-buffer-4.1.29.Final.jar;C:\Users\sale\.m2\repository\io\netty\netty-transport-native-unix-common\4.1.29.Final\netty-transport-native-unix-common-4.1.29.Final.jar;C:\Users\sale\.m2\repository\io\netty\netty-transport\4.1.29.Final\netty-transport-4.1.29.Final.jar;C:\Users\sale\.m2\repository\io\netty\netty-resolver\4.1.29.Final\netty-resolver-4.1.29.Final.jar;C:\Users\sale\.m2\repository\com\netflix\ribbon\ribbon-core\2.2.5\ribbon-core-2.2.5.jar;C:\Users\sale\.m2\repository\commons-lang\commons-lang\2.6\commons-lang-2.6.jar;C:\Users\sale\.m2\repository\com\netflix\ribbon\ribbon-httpclient\2.2.5\ribbon-httpclient-2.2.5.jar;C:\Users\sale\.m2\repository\commons-collections\commons-collections\3.2.2\commons-collections-3.2.2.jar;C:\Users\sale\.m2\repository\org\apache\httpcomponents\httpclient\4.5.6\httpclient-4.5.6.jar;C:\Users\sale\.m2\repository\org\apache\httpcomponents\httpcore\4.4.10\httpcore-4.4.10.jar;C:\Users\sale\.m2\repository\commons-codec\commons-codec\1.11\commons-codec-1.11.jar;C:\Users\sale\.m2\repository\com\sun\jersey\jersey-client\1.19.1\jersey-client-1.19.1.jar;C:\Users\sale\.m2\repository\com\sun\jersey\jersey-core\1.19.1\jersey-core-1.19.1.jar;C:\Users\sale\.m2\repository\javax\ws\rs\jsr311-api\1.1.1\jsr311-api-1.1.1.jar;C:\Users\sale\.m2\repository\com\sun\jersey\contribs\jersey-apache-client4\1.19.1\jersey-apache-client4-1.19.1.jar;C:\Users\sale\.m2\repository\com\netflix\servo\servo-core\0.10.1\servo-core-0.10.1.jar;C:\Users\sale\.m2\repository\com\netflix\servo\servo-internal\0.10.1\servo-internal-0.10.1.jar;C:\Users\sale\.m2\repository\com\netflix\netflix-commons\netflix-commons-util\0.1.1\netflix-commons-util-0.1.1.jar;C:\Users\sale\.m2\repository\com\netflix\ribbon\ribbon-loadbalancer\2.2.5\ribbon-loadbalancer-2.2.5.jar;C:\Users\sale\.m2\repository\com\netflix\netflix-commons\netflix-statistics\0.1.1\netflix-statistics-0.1.1.jar;C:\Users\sale\.m2\repository\io\reactivex\rxjava\1.3.8\rxjava-1.3.8.jar;C:\Users\sale\.m2\repository\org\springframework\cloud\spring-cloud-starter-netflix-archaius\2.0.0.RELEASE\spring-cloud-starter-netflix-archaius-2.0.0.RELEASE.jar;C:\Users\sale\.m2\repository\org\springframework\cloud\spring-cloud-netflix-archaius\2.0.0.RELEASE\spring-cloud-netflix-archaius-2.0.0.RELEASE.jar;C:\Users\sale\.m2\repository\commons-configuration\commons-configuration\1.8\commons-configuration-1.8.jar;C:\Users\sale\.m2\repository\org\mockito\mockito-core\2.22.0\mockito-core-2.22.0.jar;C:\Users\sale\.m2\repository\net\bytebuddy\byte-buddy\1.9.3\byte-buddy-1.9.3.jar;C:\Users\sale\.m2\repository\net\bytebuddy\byte-buddy-agent\1.9.3\byte-buddy-agent-1.9.3.jar;C:\Users\sale\.m2\repository\org\objenesis\objenesis\2.6\objenesis-2.6.jar;"/>
    <property name="java.vm.vendor" value="Oracle Corporation"/>
    <property name="sun.arch.data.model" value="64"/>
    <property name="user.variant" value=""/>
    <property name="java.vendor.url" value="http://java.oracle.com/"/>
    <property name="user.timezone" value="Europe/Prague"/>
    <property name="user.country.format" value="RS"/>
    <property name="java.vm.specification.version" value="1.8"/>
    <property name="os.name" value="Windows 7"/>
    <property name="user.country" value="US"/>
    <property name="sun.java.launcher" value="SUN_STANDARD"/>
    <property name="sun.boot.library.path" value="C:\Program Files\Java\jdk1.8.0_151\jre\bin"/>
    <property name="sun.java.command" value="C:\Users\sale\AppData\Local\Temp\surefire5326890752104511640\surefirebooter2140968789906046191.jar C:\Users\sale\AppData\Local\Temp\surefire5326890752104511640 2018-11-25T17-30-09_520-jvmRun1 surefire4513287016428984471tmp surefire_09013401278620051591tmp"/>
    <property name="surefire.test.class.path" value="C:\Users\sale\Documents\workspace-sts-3.9.5.RELEASE\rentACarMicroservice\rentACarCore\target\test-classes;C:\Users\sale\Documents\workspace-sts-3.9.5.RELEASE\rentACarMicroservice\rentACarCore\target\classes;C:\Users\sale\.m2\repository\org\springframework\boot\spring-boot-starter-data-jpa\2.1.0.RELEASE\spring-boot-starter-data-jpa-2.1.0.RELEASE.jar;C:\Users\sale\.m2\repository\org\springframework\boot\spring-boot-starter-aop\2.1.0.RELEASE\spring-boot-starter-aop-2.1.0.RELEASE.jar;C:\Users\sale\.m2\repository\org\springframework\spring-aop\5.1.2.RELEASE\spring-aop-5.1.2.RELEASE.jar;C:\Users\sale\.m2\repository\org\aspectj\aspectjweaver\1.9.2\aspectjweaver-1.9.2.jar;C:\Users\sale\.m2\repository\org\springframework\boot\spring-boot-starter-jdbc\2.1.0.RELEASE\spring-boot-starter-jdbc-2.1.0.RELEASE.jar;C:\Users\sale\.m2\repository\com\zaxxer\HikariCP\3.2.0\HikariCP-3.2.0.jar;C:\Users\sale\.m2\repository\org\springframework\spring-jdbc\5.1.2.RELEASE\spring-jdbc-5.1.2.RELEASE.jar;C:\Users\sale\.m2\repository\javax\transaction\javax.transaction-api\1.3\javax.transaction-api-1.3.jar;C:\Users\sale\.m2\repository\javax\xml\bind\jaxb-api\2.3.1\jaxb-api-2.3.1.jar;C:\Users\sale\.m2\repository\javax\activation\javax.activation-api\1.2.0\javax.activation-api-1.2.0.jar;C:\Users\sale\.m2\repository\org\hibernate\hibernate-core\5.3.7.Final\hibernate-core-5.3.7.Final.jar;C:\Users\sale\.m2\repository\org\jboss\logging\jboss-logging\3.3.2.Final\jboss-logging-3.3.2.Final.jar;C:\Users\sale\.m2\repository\javax\persistence\javax.persistence-api\2.2\javax.persistence-api-2.2.jar;C:\Users\sale\.m2\repository\org\javassist\javassist\3.23.1-GA\javassist-3.23.1-GA.jar;C:\Users\sale\.m2\repository\antlr\antlr\2.7.7\antlr-2.7.7.jar;C:\Users\sale\.m2\repository\org\jboss\jandex\2.0.5.Final\jandex-2.0.5.Final.jar;C:\Users\sale\.m2\repository\com\fasterxml\classmate\1.4.0\classmate-1.4.0.jar;C:\Users\sale\.m2\repository\org\dom4j\dom4j\2.1.1\dom4j-2.1.1.jar;C:\Users\sale\.m2\repository\org\hibernate\common\hibernate-commons-annotations\5.0.4.Final\hibernate-commons-annotations-5.0.4.Final.jar;C:\Users\sale\.m2\repository\org\springframework\data\spring-data-jpa\2.1.2.RELEASE\spring-data-jpa-2.1.2.RELEASE.jar;C:\Users\sale\.m2\repository\org\springframework\data\spring-data-commons\2.1.2.RELEASE\spring-data-commons-2.1.2.RELEASE.jar;C:\Users\sale\.m2\repository\org\springframework\spring-orm\5.1.2.RELEASE\spring-orm-5.1.2.RELEASE.jar;C:\Users\sale\.m2\repository\org\springframework\spring-context\5.1.2.RELEASE\spring-context-5.1.2.RELEASE.jar;C:\Users\sale\.m2\repository\org\springframework\spring-tx\5.1.2.RELEASE\spring-tx-5.1.2.RELEASE.jar;C:\Users\sale\.m2\repository\org\springframework\spring-beans\5.1.2.RELEASE\spring-beans-5.1.2.RELEASE.jar;C:\Users\sale\.m2\repository\org\slf4j\slf4j-api\1.7.25\slf4j-api-1.7.25.jar;C:\Users\sale\.m2\repository\org\springframework\spring-aspects\5.1.2.RELEASE\spring-aspects-5.1.2.RELEASE.jar;C:\Users\sale\.m2\repository\org\springframework\boot\spring-boot-starter-web\2.1.0.RELEASE\spring-boot-starter-web-2.1.0.RELEASE.jar;C:\Users\sale\.m2\repository\org\springframework\boot\spring-boot-starter\2.1.0.RELEASE\spring-boot-starter-2.1.0.RELEASE.jar;C:\Users\sale\.m2\repository\org\springframework\boot\spring-boot\2.1.0.RELEASE\spring-boot-2.1.0.RELEASE.jar;C:\Users\sale\.m2\repository\org\springframework\boot\spring-boot-autoconfigure\2.1.0.RELEASE\spring-boot-autoconfigure-2.1.0.RELEASE.jar;C:\Users\sale\.m2\repository\org\springframework\boot\spring-boot-starter-logging\2.1.0.RELEASE\spring-boot-starter-logging-2.1.0.RELEASE.jar;C:\Users\sale\.m2\repository\ch\qos\logback\logback-classic\1.2.3\logback-classic-1.2.3.jar;C:\Users\sale\.m2\repository\ch\qos\logback\logback-core\1.2.3\logback-core-1.2.3.jar;C:\Users\sale\.m2\repository\org\apache\logging\log4j\log4j-to-slf4j\2.11.1\log4j-to-slf4j-2.11.1.jar;C:\Users\sale\.m2\repository\org\apache\logging\log4j\log4j-api\2.11.1\log4j-api-2.11.1.jar;C:\Users\sale\.m2\repository\org\slf4j\jul-to-slf4j\1.7.25\jul-to-slf4j-1.7.25.jar;C:\Users\sale\.m2\repository\javax\annotation\javax.annotation-api\1.3.2\javax.annotation-api-1.3.2.jar;C:\Users\sale\.m2\repository\org\yaml\snakeyaml\1.23\snakeyaml-1.23.jar;C:\Users\sale\.m2\repository\org\springframework\boot\spring-boot-starter-json\2.1.0.RELEASE\spring-boot-starter-json-2.1.0.RELEASE.jar;C:\Users\sale\.m2\repository\com\fasterxml\jackson\core\jackson-databind\2.9.7\jackson-databind-2.9.7.jar;C:\Users\sale\.m2\repository\com\fasterxml\jackson\core\jackson-annotations\2.9.0\jackson-annotations-2.9.0.jar;C:\Users\sale\.m2\repository\com\fasterxml\jackson\core\jackson-core\2.9.7\jackson-core-2.9.7.jar;C:\Users\sale\.m2\repository\com\fasterxml\jackson\datatype\jackson-datatype-jdk8\2.9.7\jackson-datatype-jdk8-2.9.7.jar;C:\Users\sale\.m2\repository\com\fasterxml\jackson\datatype\jackson-datatype-jsr310\2.9.7\jackson-datatype-jsr310-2.9.7.jar;C:\Users\sale\.m2\repository\com\fasterxml\jackson\module\jackson-module-parameter-names\2.9.7\jackson-module-parameter-names-2.9.7.jar;C:\Users\sale\.m2\repository\org\springframework\boot\spring-boot-starter-tomcat\2.1.0.RELEASE\spring-boot-starter-tomcat-2.1.0.RELEASE.jar;C:\Users\sale\.m2\repository\org\apache\tomcat\embed\tomcat-embed-core\9.0.12\tomcat-embed-core-9.0.12.jar;C:\Users\sale\.m2\repository\org\apache\tomcat\embed\tomcat-embed-el\9.0.12\tomcat-embed-el-9.0.12.jar;C:\Users\sale\.m2\repository\org\apache\tomcat\embed\tomcat-embed-websocket\9.0.12\tomcat-embed-websocket-9.0.12.jar;C:\Users\sale\.m2\repository\org\hibernate\validator\hibernate-validator\6.0.13.Final\hibernate-validator-6.0.13.Final.jar;C:\Users\sale\.m2\repository\javax\validation\validation-api\2.0.1.Final\validation-api-2.0.1.Final.jar;C:\Users\sale\.m2\repository\org\springframework\spring-web\5.1.2.RELEASE\spring-web-5.1.2.RELEASE.jar;C:\Users\sale\.m2\repository\org\springframework\spring-webmvc\5.1.2.RELEASE\spring-webmvc-5.1.2.RELEASE.jar;C:\Users\sale\.m2\repository\org\springframework\spring-expression\5.1.2.RELEASE\spring-expression-5.1.2.RELEASE.jar;C:\Users\sale\.m2\repository\mysql\mysql-connector-java\8.0.13\mysql-connector-java-8.0.13.jar;C:\Users\sale\.m2\repository\org\projectlombok\lombok\1.18.2\lombok-1.18.2.jar;C:\Users\sale\.m2\repository\org\springframework\boot\spring-boot-starter-test\2.1.0.RELEASE\spring-boot-starter-test-2.1.0.RELEASE.jar;C:\Users\sale\.m2\repository\org\springframework\boot\spring-boot-test\2.1.0.RELEASE\spring-boot-test-2.1.0.RELEASE.jar;C:\Users\sale\.m2\repository\org\springframework\boot\spring-boot-test-autoconfigure\2.1.0.RELEASE\spring-boot-test-autoconfigure-2.1.0.RELEASE.jar;C:\Users\sale\.m2\repository\com\jayway\jsonpath\json-path\2.4.0\json-path-2.4.0.jar;C:\Users\sale\.m2\repository\net\minidev\json-smart\2.3\json-smart-2.3.jar;C:\Users\sale\.m2\repository\net\minidev\accessors-smart\1.2\accessors-smart-1.2.jar;C:\Users\sale\.m2\repository\org\ow2\asm\asm\5.0.4\asm-5.0.4.jar;C:\Users\sale\.m2\repository\junit\junit\4.12\junit-4.12.jar;C:\Users\sale\.m2\repository\org\assertj\assertj-core\3.11.1\assertj-core-3.11.1.jar;C:\Users\sale\.m2\repository\org\hamcrest\hamcrest-core\1.3\hamcrest-core-1.3.jar;C:\Users\sale\.m2\repository\org\hamcrest\hamcrest-library\1.3\hamcrest-library-1.3.jar;C:\Users\sale\.m2\repository\org\skyscreamer\jsonassert\1.5.0\jsonassert-1.5.0.jar;C:\Users\sale\.m2\repository\com\vaadin\external\google\android-json\0.0.20131108.vaadin1\android-json-0.0.20131108.vaadin1.jar;C:\Users\sale\.m2\repository\org\springframework\spring-core\5.1.2.RELEASE\spring-core-5.1.2.RELEASE.jar;C:\Users\sale\.m2\repository\org\springframework\spring-jcl\5.1.2.RELEASE\spring-jcl-5.1.2.RELEASE.jar;C:\Users\sale\.m2\repository\org\springframework\spring-test\5.1.2.RELEASE\spring-test-5.1.2.RELEASE.jar;C:\Users\sale\.m2\repository\org\xmlunit\xmlunit-core\2.6.2\xmlunit-core-2.6.2.jar;C:\Users\sale\Documents\workspace-sts-3.9.5.RELEASE\rentACarMicroservice\rentACarApi\target\rentACarApi-0.0.1-SNAPSHOT.jar;C:\Users\sale\.m2\repository\org\springframework\cloud\spring-cloud-starter-openfeign\2.0.0.RELEASE\spring-cloud-starter-openfeign-2.0.0.RELEASE.jar;C:\Users\sale\.m2\repository\org\springframework\cloud\spring-cloud-starter\2.0.0.RELEASE\spring-cloud-starter-2.0.0.RELEASE.jar;C:\Users\sale\.m2\repository\org\springframework\cloud\spring-cloud-context\2.0.0.RELEASE\spring-cloud-context-2.0.0.RELEASE.jar;C:\Users\sale\.m2\repository\org\springframework\security\spring-security-rsa\1.0.5.RELEASE\spring-security-rsa-1.0.5.RELEASE.jar;C:\Users\sale\.m2\repository\org\bouncycastle\bcpkix-jdk15on\1.56\bcpkix-jdk15on-1.56.jar;C:\Users\sale\.m2\repository\org\bouncycastle\bcprov-jdk15on\1.56\bcprov-jdk15on-1.56.jar;C:\Users\sale\.m2\repository\org\springframework\cloud\spring-cloud-openfeign-core\2.0.0.RELEASE\spring-cloud-openfeign-core-2.0.0.RELEASE.jar;C:\Users\sale\.m2\repository\org\springframework\cloud\spring-cloud-netflix-ribbon\2.0.0.RELEASE\spring-cloud-netflix-ribbon-2.0.0.RELEASE.jar;C:\Users\sale\.m2\repository\org\springframework\cloud\spring-cloud-commons\2.0.0.RELEASE\spring-cloud-commons-2.0.0.RELEASE.jar;C:\Users\sale\.m2\repository\org\springframework\security\spring-security-crypto\5.1.1.RELEASE\spring-security-crypto-5.1.1.RELEASE.jar;C:\Users\sale\.m2\repository\io\github\openfeign\feign-core\9.5.1\feign-core-9.5.1.jar;C:\Users\sale\.m2\repository\io\github\openfeign\feign-slf4j\9.5.1\feign-slf4j-9.5.1.jar;C:\Users\sale\.m2\repository\io\github\openfeign\feign-hystrix\9.5.1\feign-hystrix-9.5.1.jar;C:\Users\sale\.m2\repository\com\netflix\archaius\archaius-core\0.6.6\archaius-core-0.6.6.jar;C:\Users\sale\.m2\repository\com\google\code\findbugs\annotations\2.0.0\annotations-2.0.0.jar;C:\Users\sale\.m2\repository\com\google\guava\guava\11.0.2\guava-11.0.2.jar;C:\Users\sale\.m2\repository\com\google\code\findbugs\jsr305\1.3.9\jsr305-1.3.9.jar;C:\Users\sale\.m2\repository\com\netflix\hystrix\hystrix-core\1.4.26\hystrix-core-1.4.26.jar;C:\Users\sale\.m2\repository\io\github\openfeign\feign-java8\9.5.1\feign-java8-9.5.1.jar;C:\Users\sale\.m2\repository\org\springframework\cloud\spring-cloud-starter-netflix-ribbon\2.0.0.RELEASE\spring-cloud-starter-netflix-ribbon-2.0.0.RELEASE.jar;C:\Users\sale\.m2\repository\com\netflix\ribbon\ribbon\2.2.5\ribbon-2.2.5.jar;C:\Users\sale\.m2\repository\com\netflix\ribbon\ribbon-transport\2.2.5\ribbon-transport-2.2.5.jar;C:\Users\sale\.m2\repository\io\reactivex\rxnetty-contexts\0.4.9\rxnetty-contexts-0.4.9.jar;C:\Users\sale\.m2\repository\io\reactivex\rxnetty-servo\0.4.9\rxnetty-servo-0.4.9.jar;C:\Users\sale\.m2\repository\javax\inject\javax.inject\1\javax.inject-1.jar;C:\Users\sale\.m2\repository\io\reactivex\rxnetty\0.4.9\rxnetty-0.4.9.jar;C:\Users\sale\.m2\repository\io\netty\netty-codec-http\4.1.29.Final\netty-codec-http-4.1.29.Final.jar;C:\Users\sale\.m2\repository\io\netty\netty-codec\4.1.29.Final\netty-codec-4.1.29.Final.jar;C:\Users\sale\.m2\repository\io\netty\netty-transport-native-epoll\4.1.29.Final\netty-transport-native-epoll-4.1.29.Final.jar;C:\Users\sale\.m2\repository\io\netty\netty-common\4.1.29.Final\netty-common-4.1.29.Final.jar;C:\Users\sale\.m2\repository\io\netty\netty-buffer\4.1.29.Final\netty-buffer-4.1.29.Final.jar;C:\Users\sale\.m2\repository\io\netty\netty-transport-native-unix-common\4.1.29.Final\netty-transport-native-unix-common-4.1.29.Final.jar;C:\Users\sale\.m2\repository\io\netty\netty-transport\4.1.29.Final\netty-transport-4.1.29.Final.jar;C:\Users\sale\.m2\repository\io\netty\netty-resolver\4.1.29.Final\netty-resolver-4.1.29.Final.jar;C:\Users\sale\.m2\repository\com\netflix\ribbon\ribbon-core\2.2.5\ribbon-core-2.2.5.jar;C:\Users\sale\.m2\repository\commons-lang\commons-lang\2.6\commons-lang-2.6.jar;C:\Users\sale\.m2\repository\com\netflix\ribbon\ribbon-httpclient\2.2.5\ribbon-httpclient-2.2.5.jar;C:\Users\sale\.m2\repository\commons-collections\commons-collections\3.2.2\commons-collections-3.2.2.jar;C:\Users\sale\.m2\repository\org\apache\httpcomponents\httpclient\4.5.6\httpclient-4.5.6.jar;C:\Users\sale\.m2\repository\org\apache\httpcomponents\httpcore\4.4.10\httpcore-4.4.10.jar;C:\Users\sale\.m2\repository\commons-codec\commons-codec\1.11\commons-codec-1.11.jar;C:\Users\sale\.m2\repository\com\sun\jersey\jersey-client\1.19.1\jersey-client-1.19.1.jar;C:\Users\sale\.m2\repository\com\sun\jersey\jersey-core\1.19.1\jersey-core-1.19.1.jar;C:\Users\sale\.m2\repository\javax\ws\rs\jsr311-api\1.1.1\jsr311-api-1.1.1.jar;C:\Users\sale\.m2\repository\com\sun\jersey\contribs\jersey-apache-client4\1.19.1\jersey-apache-client4-1.19.1.jar;C:\Users\sale\.m2\repository\com\netflix\servo\servo-core\0.10.1\servo-core-0.10.1.jar;C:\Users\sale\.m2\repository\com\netflix\servo\servo-internal\0.10.1\servo-internal-0.10.1.jar;C:\Users\sale\.m2\repository\com\netflix\netflix-commons\netflix-commons-util\0.1.1\netflix-commons-util-0.1.1.jar;C:\Users\sale\.m2\repository\com\netflix\ribbon\ribbon-loadbalancer\2.2.5\ribbon-loadbalancer-2.2.5.jar;C:\Users\sale\.m2\repository\com\netflix\netflix-commons\netflix-statistics\0.1.1\netflix-statistics-0.1.1.jar;C:\Users\sale\.m2\repository\io\reactivex\rxjava\1.3.8\rxjava-1.3.8.jar;C:\Users\sale\.m2\repository\org\springframework\cloud\spring-cloud-starter-netflix-archaius\2.0.0.RELEASE\spring-cloud-starter-netflix-archaius-2.0.0.RELEASE.jar;C:\Users\sale\.m2\repository\org\springframework\cloud\spring-cloud-netflix-archaius\2.0.0.RELEASE\spring-cloud-netflix-archaius-2.0.0.RELEASE.jar;C:\Users\sale\.m2\repository\commons-configuration\commons-configuration\1.8\commons-configuration-1.8.jar;C:\Users\sale\.m2\repository\org\mockito\mockito-core\2.22.0\mockito-core-2.22.0.jar;C:\Users\sale\.m2\repository\net\bytebuddy\byte-buddy\1.9.3\byte-buddy-1.9.3.jar;C:\Users\sale\.m2\repository\net\bytebuddy\byte-buddy-agent\1.9.3\byte-buddy-agent-1.9.3.jar;C:\Users\sale\.m2\repository\org\objenesis\objenesis\2.6\objenesis-2.6.jar;"/>
    <property name="sun.cpu.endian" value="little"/>
    <property name="user.home" value="C:\Users\sale"/>
    <property name="user.language" value="en"/>
    <property name="java.specification.vendor" value="Oracle Corporation"/>
    <property name="java.home" value="C:\Program Files\Java\jdk1.8.0_151\jre"/>
    <property name="basedir" value="C:\Users\sale\Documents\workspace-sts-3.9.5.RELEASE\rentACarMicroservice\rentACarCore"/>
    <property name="file.separator" value="\"/>
    <property name="line.separator" value="&#10;"/>
    <property name="java.vm.specification.vendor" value="Oracle Corporation"/>
    <property name="java.specification.name" value="Java Platform API Specification"/>
    <property name="java.awt.graphicsenv" value="sun.awt.Win32GraphicsEnvironment"/>
    <property name="surefire.real.class.path" value="C:\Users\sale\AppData\Local\Temp\surefire5326890752104511640\surefirebooter2140968789906046191.jar"/>
    <property name="sun.boot.class.path" value="C:\Program Files\Java\jdk1.8.0_151\jre\lib\resources.jar;C:\Program Files\Java\jdk1.8.0_151\jre\lib\rt.jar;C:\Program Files\Java\jdk1.8.0_151\jre\lib\sunrsasign.jar;C:\Program Files\Java\jdk1.8.0_151\jre\lib\jsse.jar;C:\Program Files\Java\jdk1.8.0_151\jre\lib\jce.jar;C:\Program Files\Java\jdk1.8.0_151\jre\lib\charsets.jar;C:\Program Files\Java\jdk1.8.0_151\jre\lib\jfr.jar;C:\Program Files\Java\jdk1.8.0_151\jre\classes"/>
    <property name="user.script" value=""/>
    <property name="user.script.format" value="Latn"/>
    <property name="sun.management.compiler" value="HotSpot 64-Bit Tiered Compilers"/>
    <property name="java.runtime.version" value="1.8.0_151-b12"/>
    <property name="user.name" value="sale"/>
    <property name="path.separator" value=";"/>
    <property name="os.version" value="6.1"/>
    <property name="java.endorsed.dirs" value="C:\Program Files\Java\jdk1.8.0_151\jre\lib\endorsed"/>
    <property name="java.runtime.name" value="Java(TM) SE Runtime Environment"/>
    <property name="file.encoding" value="Cp1250"/>
    <property name="java.vm.name" value="Java HotSpot(TM) 64-Bit Server VM"/>
    <property name="localRepository" value="C:\Users\sale\.m2\repository"/>
    <property name="java.vendor.url.bug" value="http://bugreport.sun.com/bugreport/"/>
    <property name="java.io.tmpdir" value="C:\Users\sale\AppData\Local\Temp\"/>
    <property name="java.version" value="1.8.0_151"/>
    <property name="user.dir" value="C:\Users\sale\Documents\workspace-sts-3.9.5.RELEASE\rentACarMicroservice\rentACarCore"/>
    <property name="os.arch" value="amd64"/>
    <property name="java.vm.specification.name" value="Java Virtual Machine Specification"/>
    <property name="java.awt.printerjob" value="sun.awt.windows.WPrinterJob"/>
    <property name="user.language.format" value="sr"/>
    <property name="sun.os.patch.level" value="Service Pack 1"/>
    <property name="java.library.path" value="C:\Program Files\Java\jdk1.8.0_151\jre\bin;C:\Windows\Sun\Java\bin;C:\Windows\system32;C:\Windows;C:/Program Files/Java/jre1.8.0_151/bin/server;C:/Program Files/Java/jre1.8.0_151/bin;C:/Program Files/Java/jre1.8.0_151/lib/amd64;C:\ProgramData\Oracle\Java\javapath;D:\oracle\app\oracle\product\11.2.0\server\bin;C:\Windows\system32;C:\Windows;C:\Windows\System32\Wbem;C:\Windows\System32\WindowsPowerShell\v1.0\;C:\Program Files (x86)\AMD\ATI.ACE\Core-Static;C:\Program Files\MATLAB\MATLAB Production Server\R2015a\runtime\win64;C:\Program Files\MATLAB\MATLAB Production Server\R2015a\bin;C:\Program Files\MATLAB\MATLAB Production Server\R2015a\polyspace\bin;C:\Program Files (x86)\Brackets\command;C:\Program Files\Git\cmd;C:\Program Files\nodejs\;C:\Users\sale\AppData\Roaming\npm;C:\Users\sale\AppData\Local\Programs\Microsoft VS Code\bin;D:\JAVA_SPRING_BOOT_APP\sts-bundle\sts-3.9.5.RELEASE;;."/>
    <property name="java.vm.info" value="mixed mode"/>
    <property name="java.vendor" value="Oracle Corporation"/>
    <property name="java.vm.version" value="25.151-b12"/>
    <property name="java.ext.dirs" value="C:\Program Files\Java\jdk1.8.0_151\jre\lib\ext;C:\Windows\Sun\Java\lib\ext"/>
    <property name="sun.io.unicode.encoding" value="UnicodeLittle"/>
    <property name="java.class.version" value="52.0"/>
  </properties>
  <testcase name="testFindAll" classname="com.ftn.isa.projekat.rentACar.rentACarCore.service.BranchOfficeServiceTest" time="0.051">
    <error message="Failed to load ApplicationContext" type="java.lang.IllegalStateException">java.lang.IllegalStateException: Failed to load ApplicationContext
Caused by: org.springframework.beans.factory.UnsatisfiedDependencyException: Error creating bean with name 'branchOfficeServiceImpl': Unsatisfied dependency expressed through field 'branchOfficeConverter'; nested exception is org.springframework.beans.factory.NoSuchBeanDefinitionException: No qualifying bean of type 'com.ftn.isa.projekat.rentACar.rentACarCore.dtoConverter.DTOBranchOfficeConverter' available: expected at least 1 bean which qualifies as autowire candidate. Dependency annotations: {@org.springframework.beans.factory.annotation.Autowired(required=true)}
Caused by: org.springframework.beans.factory.NoSuchBeanDefinitionException: No qualifying bean of type 'com.ftn.isa.projekat.rentACar.rentACarCore.dtoConverter.DTOBranchOfficeConverter' available: expected at least 1 bean which qualifies as autowire candidate. Dependency annotations: {@org.springframework.beans.factory.annotation.Autowired(required=true)}
</error>
    <system-out><![CDATA[17:31:42.078 [main] DEBUG org.springframework.test.context.junit4.SpringJUnit4ClassRunner - SpringJUnit4ClassRunner constructor called with [class com.ftn.isa.projekat.rentACar.rentACarCore.service.BranchOfficeServiceTest]
17:31:42.457 [main] DEBUG org.springframework.test.context.BootstrapUtils - Instantiating CacheAwareContextLoaderDelegate from class [org.springframework.test.context.cache.DefaultCacheAwareContextLoaderDelegate]
17:31:43.174 [main] DEBUG org.springframework.test.context.BootstrapUtils - Instantiating BootstrapContext using constructor [public org.springframework.test.context.support.DefaultBootstrapContext(java.lang.Class,org.springframework.test.context.CacheAwareContextLoaderDelegate)]
17:31:43.634 [main] DEBUG org.springframework.test.context.BootstrapUtils - Instantiating TestContextBootstrapper for test class [com.ftn.isa.projekat.rentACar.rentACarCore.service.BranchOfficeServiceTest] from class [org.springframework.boot.test.context.SpringBootTestContextBootstrapper]
17:31:44.500 [main] INFO org.springframework.boot.test.context.SpringBootTestContextBootstrapper - Neither @ContextConfiguration nor @ContextHierarchy found for test class [com.ftn.isa.projekat.rentACar.rentACarCore.service.BranchOfficeServiceTest], using SpringBootContextLoader
17:31:45.088 [main] DEBUG org.springframework.test.context.support.AbstractContextLoader - Did not detect default resource location for test class [com.ftn.isa.projekat.rentACar.rentACarCore.service.BranchOfficeServiceTest]: class path resource [com/ftn/isa/projekat/rentACar/rentACarCore/service/BranchOfficeServiceTest-context.xml] does not exist
17:31:45.089 [main] DEBUG org.springframework.test.context.support.AbstractContextLoader - Did not detect default resource location for test class [com.ftn.isa.projekat.rentACar.rentACarCore.service.BranchOfficeServiceTest]: class path resource [com/ftn/isa/projekat/rentACar/rentACarCore/service/BranchOfficeServiceTestContext.groovy] does not exist
17:31:45.090 [main] INFO org.springframework.test.context.support.AbstractContextLoader - Could not detect default resource locations for test class [com.ftn.isa.projekat.rentACar.rentACarCore.service.BranchOfficeServiceTest]: no resource found for suffixes {-context.xml, Context.groovy}.
17:31:45.108 [main] INFO org.springframework.test.context.support.AnnotationConfigContextLoaderUtils - Could not detect default configuration classes for test class [com.ftn.isa.projekat.rentACar.rentACarCore.service.BranchOfficeServiceTest]: BranchOfficeServiceTest does not declare any static, non-private, non-final, nested classes annotated with @Configuration.
17:31:46.898 [main] DEBUG org.springframework.test.context.support.ActiveProfilesUtils - Could not find an 'annotation declaring class' for annotation type [org.springframework.test.context.ActiveProfiles] and class [com.ftn.isa.projekat.rentACar.rentACarCore.service.BranchOfficeServiceTest]
17:31:50.061 [main] DEBUG org.springframework.context.annotation.ClassPathScanningCandidateComponentProvider - Identified candidate component class: file [C:\Users\sale\Documents\workspace-sts-3.9.5.RELEASE\rentACarMicroservice\rentACarCore\target\classes\com\ftn\isa\projekat\rentACar\rentACarCore\RentACarCoreApplication.class]
17:31:50.088 [main] INFO org.springframework.boot.test.context.SpringBootTestContextBootstrapper - Found @SpringBootConfiguration com.ftn.isa.projekat.rentACar.rentACarCore.RentACarCoreApplication for test class com.ftn.isa.projekat.rentACar.rentACarCore.service.BranchOfficeServiceTest
17:31:52.596 [main] DEBUG org.springframework.boot.test.context.SpringBootTestContextBootstrapper - @TestExecutionListeners is not present for class [com.ftn.isa.projekat.rentACar.rentACarCore.service.BranchOfficeServiceTest]: using defaults.
17:31:52.597 [main] INFO org.springframework.boot.test.context.SpringBootTestContextBootstrapper - Loaded default TestExecutionListener class names from location [META-INF/spring.factories]: [org.springframework.boot.test.mock.mockito.MockitoTestExecutionListener, org.springframework.boot.test.mock.mockito.ResetMocksTestExecutionListener, org.springframework.boot.test.autoconfigure.restdocs.RestDocsTestExecutionListener, org.springframework.boot.test.autoconfigure.web.client.MockRestServiceServerResetTestExecutionListener, org.springframework.boot.test.autoconfigure.web.servlet.MockMvcPrintOnlyOnFailureTestExecutionListener, org.springframework.boot.test.autoconfigure.web.servlet.WebDriverTestExecutionListener, org.springframework.test.context.web.ServletTestExecutionListener, org.springframework.test.context.support.DirtiesContextBeforeModesTestExecutionListener, org.springframework.test.context.support.DependencyInjectionTestExecutionListener, org.springframework.test.context.support.DirtiesContextTestExecutionListener, org.springframework.test.context.transaction.TransactionalTestExecutionListener, org.springframework.test.context.jdbc.SqlScriptsTestExecutionListener]
17:31:53.065 [main] INFO org.springframework.boot.test.context.SpringBootTestContextBootstrapper - Using TestExecutionListeners: [org.springframework.test.context.web.ServletTestExecutionListener@2b4bac49, org.springframework.test.context.support.DirtiesContextBeforeModesTestExecutionListener@fd07cbb, org.springframework.boot.test.mock.mockito.MockitoTestExecutionListener@3571b748, org.springframework.boot.test.autoconfigure.SpringBootDependencyInjectionTestExecutionListener@3e96bacf, org.springframework.test.context.support.DirtiesContextTestExecutionListener@484970b0, org.springframework.test.context.transaction.TransactionalTestExecutionListener@4470f8a6, org.springframework.test.context.jdbc.SqlScriptsTestExecutionListener@7c83dc97, org.springframework.boot.test.mock.mockito.ResetMocksTestExecutionListener@7748410a, org.springframework.boot.test.autoconfigure.restdocs.RestDocsTestExecutionListener@740773a3, org.springframework.boot.test.autoconfigure.web.client.MockRestServiceServerResetTestExecutionListener@37f1104d, org.springframework.boot.test.autoconfigure.web.servlet.MockMvcPrintOnlyOnFailureTestExecutionListener@55740540, org.springframework.boot.test.autoconfigure.web.servlet.WebDriverTestExecutionListener@60015ef5]
17:31:53.137 [main] DEBUG org.springframework.test.annotation.ProfileValueUtils - Retrieved @ProfileValueSourceConfiguration [null] for test class [com.ftn.isa.projekat.rentACar.rentACarCore.service.BranchOfficeServiceTest]
17:31:53.140 [main] DEBUG org.springframework.test.annotation.ProfileValueUtils - Retrieved ProfileValueSource type [class org.springframework.test.annotation.SystemProfileValueSource] for class [com.ftn.isa.projekat.rentACar.rentACarCore.service.BranchOfficeServiceTest]
17:31:53.146 [main] DEBUG org.springframework.test.annotation.ProfileValueUtils - Retrieved @ProfileValueSourceConfiguration [null] for test class [com.ftn.isa.projekat.rentACar.rentACarCore.service.BranchOfficeServiceTest]
17:31:53.149 [main] DEBUG org.springframework.test.annotation.ProfileValueUtils - Retrieved ProfileValueSource type [class org.springframework.test.annotation.SystemProfileValueSource] for class [com.ftn.isa.projekat.rentACar.rentACarCore.service.BranchOfficeServiceTest]
17:31:53.169 [main] DEBUG org.springframework.test.annotation.ProfileValueUtils - Retrieved @ProfileValueSourceConfiguration [null] for test class [com.ftn.isa.projekat.rentACar.rentACarCore.service.BranchOfficeServiceTest]
17:31:53.169 [main] DEBUG org.springframework.test.annotation.ProfileValueUtils - Retrieved ProfileValueSource type [class org.springframework.test.annotation.SystemProfileValueSource] for class [com.ftn.isa.projekat.rentACar.rentACarCore.service.BranchOfficeServiceTest]
17:31:53.276 [main] DEBUG org.springframework.test.context.support.AbstractDirtiesContextTestExecutionListener - Before test class: context [DefaultTestContext@6497b078 testClass = BranchOfficeServiceTest, testInstance = [null], testMethod = [null], testException = [null], mergedContextConfiguration = [WebMergedContextConfiguration@41c2284a testClass = BranchOfficeServiceTest, locations = '{}', classes = '{class com.ftn.isa.projekat.rentACar.rentACarCore.RentACarCoreApplication}', contextInitializerClasses = '[]', activeProfiles = '{}', propertySourceLocations = '{}', propertySourceProperties = '{org.springframework.boot.test.context.SpringBootTestContextBootstrapper=true}', contextCustomizers = set[org.springframework.boot.test.context.filter.ExcludeFilterContextCustomizer@1a052a00, org.springframework.boot.test.json.DuplicateJsonObjectContextCustomizerFactory$DuplicateJsonObjectContextCustomizer@448ff1a8, org.springframework.boot.test.mock.mockito.MockitoContextCustomizer@0, org.springframework.boot.test.web.client.TestRestTemplateContextCustomizer@568bf312, org.springframework.boot.test.autoconfigure.properties.PropertyMappingContextCustomizer@0, org.springframework.boot.test.autoconfigure.web.servlet.WebDriverContextCustomizerFactory$Customizer@2893de87], resourceBasePath = 'src/main/webapp', contextLoader = 'org.springframework.boot.test.context.SpringBootContextLoader', parent = [null]], attributes = map['org.springframework.test.context.web.ServletTestExecutionListener.activateListener' -> true]], class annotated with @DirtiesContext [false] with mode [null].
17:31:53.277 [main] DEBUG org.springframework.test.annotation.ProfileValueUtils - Retrieved @ProfileValueSourceConfiguration [null] for test class [com.ftn.isa.projekat.rentACar.rentACarCore.service.BranchOfficeServiceTest]
17:31:53.278 [main] DEBUG org.springframework.test.annotation.ProfileValueUtils - Retrieved ProfileValueSource type [class org.springframework.test.annotation.SystemProfileValueSource] for class [com.ftn.isa.projekat.rentACar.rentACarCore.service.BranchOfficeServiceTest]
17:31:55.433 [main] DEBUG org.springframework.test.context.support.TestPropertySourceUtils - Adding inlined properties to environment: {spring.jmx.enabled=false, org.springframework.boot.test.context.SpringBootTestContextBootstrapper=true, server.port=-1}
2018-11-25 17:32:11.099  INFO 7072 --- [           main] trationDelegate$BeanPostProcessorChecker : Bean 'configurationPropertiesRebinderAutoConfiguration' of type [org.springframework.cloud.autoconfigure.ConfigurationPropertiesRebinderAutoConfiguration$$EnhancerBySpringCGLIB$$7c72fe0e] is not eligible for getting processed by all BeanPostProcessors (for example: not eligible for auto-proxying)

  .   ____          _            __ _ _
 /\\ / ___'_ __ _ _(_)_ __  __ _ \ \ \ \
( ( )\___ | '_ | '_| | '_ \/ _` | \ \ \ \
 \\/  ___)| |_)| | | | | || (_| |  ) ) ) )
  '  |____| .__|_| |_|_| |_\__, | / / / /
 =========|_|==============|___/=/_/_/_/
 :: Spring Boot ::        (v2.1.0.RELEASE)

2018-11-25 17:32:21.290  INFO 7072 --- [           main] c.f.i.p.r.r.s.BranchOfficeServiceTest    : No active profile set, falling back to default profiles: default
2018-11-25 17:32:26.479  INFO 7072 --- [           main] .s.d.r.c.RepositoryConfigurationDelegate : Bootstrapping Spring Data repositories in DEFAULT mode.
2018-11-25 17:32:27.782  INFO 7072 --- [           main] .s.d.r.c.RepositoryConfigurationDelegate : Finished Spring Data repository scanning in 1179ms. Found 6 repository interfaces.
2018-11-25 17:32:29.945  INFO 7072 --- [           main] o.s.cloud.context.scope.GenericScope     : BeanFactory id=fe9d4dbf-75a3-37c2-a972-ede97ea5ad84
2018-11-25 17:32:30.605  INFO 7072 --- [           main] trationDelegate$BeanPostProcessorChecker : Bean 'org.springframework.transaction.annotation.ProxyTransactionManagementConfiguration' of type [org.springframework.transaction.annotation.ProxyTransactionManagementConfiguration$$EnhancerBySpringCGLIB$$6058fb11] is not eligible for getting processed by all BeanPostProcessors (for example: not eligible for auto-proxying)
2018-11-25 17:32:31.317  INFO 7072 --- [           main] trationDelegate$BeanPostProcessorChecker : Bean 'org.springframework.cloud.autoconfigure.ConfigurationPropertiesRebinderAutoConfiguration' of type [org.springframework.cloud.autoconfigure.ConfigurationPropertiesRebinderAutoConfiguration$$EnhancerBySpringCGLIB$$7c72fe0e] is not eligible for getting processed by all BeanPostProcessors (for example: not eligible for auto-proxying)
2018-11-25 17:32:35.401  INFO 7072 --- [           main] com.zaxxer.hikari.HikariDataSource       : HikariPool-1 - Starting...
2018-11-25 17:32:47.770  INFO 7072 --- [           main] com.zaxxer.hikari.HikariDataSource       : HikariPool-1 - Start completed.
2018-11-25 17:32:50.831  INFO 7072 --- [           main] o.hibernate.jpa.internal.util.LogHelper  : HHH000204: Processing PersistenceUnitInfo [
	name: default
	...]
2018-11-25 17:32:55.078  INFO 7072 --- [           main] org.hibernate.Version                    : HHH000412: Hibernate Core {5.3.7.Final}
2018-11-25 17:32:55.091  INFO 7072 --- [           main] org.hibernate.cfg.Environment            : HHH000206: hibernate.properties not found
2018-11-25 17:33:22.271  INFO 7072 --- [           main] o.hibernate.annotations.common.Version   : HCANN000001: Hibernate Commons Annotations {5.0.4.Final}
2018-11-25 17:33:26.085  INFO 7072 --- [           main] org.hibernate.dialect.Dialect            : HHH000400: Using dialect: org.hibernate.dialect.MySQL5Dialect
2018-11-25 17:33:38.539  INFO 7072 --- [           main] o.h.t.schema.internal.SchemaCreatorImpl  : HHH000476: Executing import script 'org.hibernate.tool.schema.internal.exec.ScriptSourceInputNonExistentImpl@615e83ac'
2018-11-25 17:33:38.603  INFO 7072 --- [           main] j.LocalContainerEntityManagerFactoryBean : Initialized JPA EntityManagerFactory for persistence unit 'default'
2018-11-25 17:33:40.942  WARN 7072 --- [           main] o.s.w.c.s.GenericWebApplicationContext   : Exception encountered during context initialization - cancelling refresh attempt: org.springframework.beans.factory.UnsatisfiedDependencyException: Error creating bean with name 'branchOfficeServiceImpl': Unsatisfied dependency expressed through field 'branchOfficeConverter'; nested exception is org.springframework.beans.factory.NoSuchBeanDefinitionException: No qualifying bean of type 'com.ftn.isa.projekat.rentACar.rentACarCore.dtoConverter.DTOBranchOfficeConverter' available: expected at least 1 bean which qualifies as autowire candidate. Dependency annotations: {@org.springframework.beans.factory.annotation.Autowired(required=true)}
2018-11-25 17:33:40.943  INFO 7072 --- [           main] j.LocalContainerEntityManagerFactoryBean : Closing JPA EntityManagerFactory for persistence unit 'default'
2018-11-25 17:33:40.972  INFO 7072 --- [           main] com.zaxxer.hikari.HikariDataSource       : HikariPool-1 - Shutdown initiated...
2018-11-25 17:33:41.001  INFO 7072 --- [           main] com.zaxxer.hikari.HikariDataSource       : HikariPool-1 - Shutdown completed.
2018-11-25 17:33:41.011  INFO 7072 --- [           main] ConditionEvaluationReportLoggingListener : 

Error starting ApplicationContext. To display the conditions report re-run your application with 'debug' enabled.
2018-11-25 17:33:42.235 ERROR 7072 --- [           main] o.s.b.d.LoggingFailureAnalysisReporter   : 

***************************
APPLICATION FAILED TO START
***************************

Description:

Field branchOfficeConverter in com.ftn.isa.projekat.rentACar.rentACarCore.branchOffice.service.BranchOfficeServiceImpl required a bean of type 'com.ftn.isa.projekat.rentACar.rentACarCore.dtoConverter.DTOBranchOfficeConverter' that could not be found.

The injection point has the following annotations:
	- @org.springframework.beans.factory.annotation.Autowired(required=true)


Action:

Consider defining a bean of type 'com.ftn.isa.projekat.rentACar.rentACarCore.dtoConverter.DTOBranchOfficeConverter' in your configuration.

2018-11-25 17:33:42.254 ERROR 7072 --- [           main] o.s.test.context.TestContextManager      : Caught exception while allowing TestExecutionListener [org.springframework.test.context.web.ServletTestExecutionListener@2b4bac49] to prepare test instance [com.ftn.isa.projekat.rentACar.rentACarCore.service.BranchOfficeServiceTest@65d7eea4]

java.lang.IllegalStateException: Failed to load ApplicationContext
	at org.springframework.test.context.cache.DefaultCacheAwareContextLoaderDelegate.loadContext(DefaultCacheAwareContextLoaderDelegate.java:125) ~[spring-test-5.1.2.RELEASE.jar:5.1.2.RELEASE]
	at org.springframework.test.context.support.DefaultTestContext.getApplicationContext(DefaultTestContext.java:108) ~[spring-test-5.1.2.RELEASE.jar:5.1.2.RELEASE]
	at org.springframework.test.context.web.ServletTestExecutionListener.setUpRequestContextIfNecessary(ServletTestExecutionListener.java:190) ~[spring-test-5.1.2.RELEASE.jar:5.1.2.RELEASE]
	at org.springframework.test.context.web.ServletTestExecutionListener.prepareTestInstance(ServletTestExecutionListener.java:132) ~[spring-test-5.1.2.RELEASE.jar:5.1.2.RELEASE]
	at org.springframework.test.context.TestContextManager.prepareTestInstance(TestContextManager.java:246) ~[spring-test-5.1.2.RELEASE.jar:5.1.2.RELEASE]
	at org.springframework.test.context.junit4.SpringJUnit4ClassRunner.createTest(SpringJUnit4ClassRunner.java:227) [spring-test-5.1.2.RELEASE.jar:5.1.2.RELEASE]
	at org.springframework.test.context.junit4.SpringJUnit4ClassRunner$1.runReflectiveCall(SpringJUnit4ClassRunner.java:289) [spring-test-5.1.2.RELEASE.jar:5.1.2.RELEASE]
	at org.junit.internal.runners.model.ReflectiveCallable.run(ReflectiveCallable.java:12) [junit-4.12.jar:4.12]
	at org.springframework.test.context.junit4.SpringJUnit4ClassRunner.methodBlock(SpringJUnit4ClassRunner.java:291) [spring-test-5.1.2.RELEASE.jar:5.1.2.RELEASE]
	at org.springframework.test.context.junit4.SpringJUnit4ClassRunner.runChild(SpringJUnit4ClassRunner.java:246) [spring-test-5.1.2.RELEASE.jar:5.1.2.RELEASE]
	at org.springframework.test.context.junit4.SpringJUnit4ClassRunner.runChild(SpringJUnit4ClassRunner.java:97) [spring-test-5.1.2.RELEASE.jar:5.1.2.RELEASE]
	at org.junit.runners.ParentRunner$3.run(ParentRunner.java:290) [junit-4.12.jar:4.12]
	at org.junit.runners.ParentRunner$1.schedule(ParentRunner.java:71) [junit-4.12.jar:4.12]
	at org.junit.runners.ParentRunner.runChildren(ParentRunner.java:288) [junit-4.12.jar:4.12]
	at org.junit.runners.ParentRunner.access$000(ParentRunner.java:58) [junit-4.12.jar:4.12]
	at org.junit.runners.ParentRunner$2.evaluate(ParentRunner.java:268) [junit-4.12.jar:4.12]
	at org.springframework.test.context.junit4.statements.RunBeforeTestClassCallbacks.evaluate(RunBeforeTestClassCallbacks.java:61) [spring-test-5.1.2.RELEASE.jar:5.1.2.RELEASE]
	at org.springframework.test.context.junit4.statements.RunAfterTestClassCallbacks.evaluate(RunAfterTestClassCallbacks.java:70) [spring-test-5.1.2.RELEASE.jar:5.1.2.RELEASE]
	at org.junit.runners.ParentRunner.run(ParentRunner.java:363) [junit-4.12.jar:4.12]
	at org.springframework.test.context.junit4.SpringJUnit4ClassRunner.run(SpringJUnit4ClassRunner.java:190) [spring-test-5.1.2.RELEASE.jar:5.1.2.RELEASE]
	at org.apache.maven.surefire.junit4.JUnit4Provider.execute(JUnit4Provider.java:365) [surefire-junit4-2.22.1.jar:2.22.1]
	at org.apache.maven.surefire.junit4.JUnit4Provider.executeWithRerun(JUnit4Provider.java:273) [surefire-junit4-2.22.1.jar:2.22.1]
	at org.apache.maven.surefire.junit4.JUnit4Provider.executeTestSet(JUnit4Provider.java:238) [surefire-junit4-2.22.1.jar:2.22.1]
	at org.apache.maven.surefire.junit4.JUnit4Provider.invoke(JUnit4Provider.java:159) [surefire-junit4-2.22.1.jar:2.22.1]
	at org.apache.maven.surefire.booter.ForkedBooter.invokeProviderInSameClassLoader(ForkedBooter.java:384) [surefire-booter-2.22.1.jar:2.22.1]
	at org.apache.maven.surefire.booter.ForkedBooter.runSuitesInProcess(ForkedBooter.java:345) [surefire-booter-2.22.1.jar:2.22.1]
	at org.apache.maven.surefire.booter.ForkedBooter.execute(ForkedBooter.java:126) [surefire-booter-2.22.1.jar:2.22.1]
	at org.apache.maven.surefire.booter.ForkedBooter.main(ForkedBooter.java:418) [surefire-booter-2.22.1.jar:2.22.1]
Caused by: org.springframework.beans.factory.UnsatisfiedDependencyException: Error creating bean with name 'branchOfficeServiceImpl': Unsatisfied dependency expressed through field 'branchOfficeConverter'; nested exception is org.springframework.beans.factory.NoSuchBeanDefinitionException: No qualifying bean of type 'com.ftn.isa.projekat.rentACar.rentACarCore.dtoConverter.DTOBranchOfficeConverter' available: expected at least 1 bean which qualifies as autowire candidate. Dependency annotations: {@org.springframework.beans.factory.annotation.Autowired(required=true)}
	at org.springframework.beans.factory.annotation.AutowiredAnnotationBeanPostProcessor$AutowiredFieldElement.inject(AutowiredAnnotationBeanPostProcessor.java:596) ~[spring-beans-5.1.2.RELEASE.jar:5.1.2.RELEASE]
	at org.springframework.beans.factory.annotation.InjectionMetadata.inject(InjectionMetadata.java:90) ~[spring-beans-5.1.2.RELEASE.jar:5.1.2.RELEASE]
	at org.springframework.beans.factory.annotation.AutowiredAnnotationBeanPostProcessor.postProcessProperties(AutowiredAnnotationBeanPostProcessor.java:374) ~[spring-beans-5.1.2.RELEASE.jar:5.1.2.RELEASE]
	at org.springframework.beans.factory.support.AbstractAutowireCapableBeanFactory.populateBean(AbstractAutowireCapableBeanFactory.java:1378) ~[spring-beans-5.1.2.RELEASE.jar:5.1.2.RELEASE]
	at org.springframework.beans.factory.support.AbstractAutowireCapableBeanFactory.doCreateBean(AbstractAutowireCapableBeanFactory.java:575) ~[spring-beans-5.1.2.RELEASE.jar:5.1.2.RELEASE]
	at org.springframework.beans.factory.support.AbstractAutowireCapableBeanFactory.createBean(AbstractAutowireCapableBeanFactory.java:498) ~[spring-beans-5.1.2.RELEASE.jar:5.1.2.RELEASE]
	at org.springframework.beans.factory.support.AbstractBeanFactory.lambda$doGetBean$0(AbstractBeanFactory.java:320) ~[spring-beans-5.1.2.RELEASE.jar:5.1.2.RELEASE]
	at org.springframework.beans.factory.support.DefaultSingletonBeanRegistry.getSingleton(DefaultSingletonBeanRegistry.java:222) ~[spring-beans-5.1.2.RELEASE.jar:5.1.2.RELEASE]
	at org.springframework.beans.factory.support.AbstractBeanFactory.doGetBean(AbstractBeanFactory.java:318) ~[spring-beans-5.1.2.RELEASE.jar:5.1.2.RELEASE]
	at org.springframework.beans.factory.support.AbstractBeanFactory.getBean(AbstractBeanFactory.java:199) ~[spring-beans-5.1.2.RELEASE.jar:5.1.2.RELEASE]
	at org.springframework.beans.factory.support.DefaultListableBeanFactory.preInstantiateSingletons(DefaultListableBeanFactory.java:846) ~[spring-beans-5.1.2.RELEASE.jar:5.1.2.RELEASE]
	at org.springframework.context.support.AbstractApplicationContext.finishBeanFactoryInitialization(AbstractApplicationContext.java:863) ~[spring-context-5.1.2.RELEASE.jar:5.1.2.RELEASE]
	at org.springframework.context.support.AbstractApplicationContext.refresh(AbstractApplicationContext.java:546) ~[spring-context-5.1.2.RELEASE.jar:5.1.2.RELEASE]
	at org.springframework.boot.SpringApplication.refresh(SpringApplication.java:775) ~[spring-boot-2.1.0.RELEASE.jar:2.1.0.RELEASE]
	at org.springframework.boot.SpringApplication.refreshContext(SpringApplication.java:397) ~[spring-boot-2.1.0.RELEASE.jar:2.1.0.RELEASE]
	at org.springframework.boot.SpringApplication.run(SpringApplication.java:316) ~[spring-boot-2.1.0.RELEASE.jar:2.1.0.RELEASE]
	at org.springframework.boot.test.context.SpringBootContextLoader.loadContext(SpringBootContextLoader.java:127) ~[spring-boot-test-2.1.0.RELEASE.jar:2.1.0.RELEASE]
	at org.springframework.test.context.cache.DefaultCacheAwareContextLoaderDelegate.loadContextInternal(DefaultCacheAwareContextLoaderDelegate.java:99) ~[spring-test-5.1.2.RELEASE.jar:5.1.2.RELEASE]
	at org.springframework.test.context.cache.DefaultCacheAwareContextLoaderDelegate.loadContext(DefaultCacheAwareContextLoaderDelegate.java:117) ~[spring-test-5.1.2.RELEASE.jar:5.1.2.RELEASE]
	... 27 common frames omitted
Caused by: org.springframework.beans.factory.NoSuchBeanDefinitionException: No qualifying bean of type 'com.ftn.isa.projekat.rentACar.rentACarCore.dtoConverter.DTOBranchOfficeConverter' available: expected at least 1 bean which qualifies as autowire candidate. Dependency annotations: {@org.springframework.beans.factory.annotation.Autowired(required=true)}
	at org.springframework.beans.factory.support.DefaultListableBeanFactory.raiseNoMatchingBeanFound(DefaultListableBeanFactory.java:1646) ~[spring-beans-5.1.2.RELEASE.jar:5.1.2.RELEASE]
	at org.springframework.beans.factory.support.DefaultListableBeanFactory.doResolveDependency(DefaultListableBeanFactory.java:1205) ~[spring-beans-5.1.2.RELEASE.jar:5.1.2.RELEASE]
	at org.springframework.beans.factory.support.DefaultListableBeanFactory.resolveDependency(DefaultListableBeanFactory.java:1166) ~[spring-beans-5.1.2.RELEASE.jar:5.1.2.RELEASE]
	at org.springframework.beans.factory.annotation.AutowiredAnnotationBeanPostProcessor$AutowiredFieldElement.inject(AutowiredAnnotationBeanPostProcessor.java:593) ~[spring-beans-5.1.2.RELEASE.jar:5.1.2.RELEASE]
	... 45 common frames omitted

]]></system-out>
  </testcase>
</testsuite>